<?xml version="1.0" encoding="UTF-8"?>
<!-- Generated by org.testng.reporters.JUnitXMLReporter -->
<testsuite ignored="5" hostname="LAPTOP-HBQQ1KH2" failures="0" tests="1" name="Default test" time="107.759" errors="0" timestamp="2023-06-22T22:59:15 IST">
  <testcase classname="com.Testcomponent.Regression_Testing" name="booking_validation" time="96.595"/>
  <testcase classname="com.Testcomponent.Regression_Testing" name="inValidUsername_InvalidPassword" time="0.0">
    <ignored/>
  </testcase> <!-- inValidUsername_InvalidPassword -->
  <testcase classname="com.Testcomponent.Regression_Testing" name="blank_Username_Password" time="0.0">
    <ignored/>
  </testcase> <!-- blank_Username_Password -->
  <testcase classname="com.Testcomponent.Regression_Testing" name="Valid_credentials" time="0.0">
    <ignored/>
  </testcase> <!-- Valid_credentials -->
  <testcase classname="com.Testcomponent.Regression_Testing" name="search_flights_Roundtrip" time="0.0">
    <ignored/>
  </testcase> <!-- search_flights_Roundtrip -->
  <testcase classname="com.Testcomponent.Regression_Testing" name="valid_username_Password" time="0.0">
    <ignored/>
  </testcase> <!-- valid_username_Password -->
</testsuite> <!-- Default test -->
