<?xml version="1.0" encoding="UTF-8"?>
<testng-results ignored="5" total="6" passed="1" failed="0" skipped="0">
  <reporter-output>
  </reporter-output>
  <suite started-at="2023-06-22T22:57:28 IST" name="Default suite" finished-at="2023-06-22T22:59:15 IST" duration-ms="107759">
    <groups>
    </groups>
    <test started-at="2023-06-22T22:57:28 IST" name="Default test" finished-at="2023-06-22T22:59:15 IST" duration-ms="107759">
      <class name="com.Testcomponent.Regression_Testing">
        <test-method is-config="true" signature="beforesuite()[pri:0, instance:com.Testcomponent.Regression_Testing@5f9b2141]" started-at="2023-06-22T22:57:27 IST" name="beforesuite" finished-at="2023-06-22T22:57:28 IST" duration-ms="244" status="PASS">
          <reporter-output>
          </reporter-output>
        </test-method> <!-- beforesuite -->
        <test-method is-config="true" signature="before()[pri:0, instance:com.Testcomponent.Regression_Testing@5f9b2141]" started-at="2023-06-22T22:57:28 IST" name="before" finished-at="2023-06-22T22:57:38 IST" duration-ms="10509" status="PASS">
          <reporter-output>
          </reporter-output>
        </test-method> <!-- before -->
        <test-method signature="booking_validation()[pri:0, instance:com.Testcomponent.Regression_Testing@5f9b2141]" started-at="2023-06-22T22:57:38 IST" name="booking_validation" finished-at="2023-06-22T22:59:15 IST" duration-ms="96595" status="PASS">
          <reporter-output>
          </reporter-output>
        </test-method> <!-- booking_validation -->
        <test-method is-config="true" signature="aftermethod()[pri:0, instance:com.Testcomponent.Regression_Testing@5f9b2141]" started-at="2023-06-22T22:59:15 IST" name="aftermethod" finished-at="2023-06-22T22:59:15 IST" duration-ms="621" status="PASS">
          <reporter-output>
          </reporter-output>
        </test-method> <!-- aftermethod -->
        <test-method is-config="true" signature="aftersuite()[pri:0, instance:com.Testcomponent.Regression_Testing@5f9b2141]" started-at="2023-06-22T22:59:15 IST" name="aftersuite" finished-at="2023-06-22T22:59:16 IST" duration-ms="65" status="PASS">
          <reporter-output>
          </reporter-output>
        </test-method> <!-- aftersuite -->
      </class> <!-- com.Testcomponent.Regression_Testing -->
    </test> <!-- Default test -->
  </suite> <!-- Default suite -->
</testng-results>
